2013-06-11 21:16:34,690 [Worker-3] INFO  o.e.m.c.i.i.nexus.NexusIndexManager - Updating index for repository: central|http://repo.maven.apache.org/maven2
2013-06-11 21:16:34,751 [Worker-3] INFO  c.n.h.c.p.n.NettyAsyncHttpProvider - Number of application's worked threads is 8
2013-06-11 21:16:41,058 [ModalContext] WARN  o.e.m.i.discovery.MavenDiscovery - CatalogItem org.eclipse.m2e.discovery.lifecyclemapping.m2e-wtp does not contain lifecycle mapping metadata
2013-06-11 21:16:41,115 [ModalContext] WARN  o.e.m.i.discovery.MavenDiscovery - CatalogItem org.eclipse.m2e.discovery.lifecyclemapping.m2e-egit does not contain lifecycle mapping metadata
2013-06-11 21:16:41,116 [ModalContext] WARN  o.e.m.i.discovery.MavenDiscovery - CatalogItem org.eclipse.m2e.discovery.lifecyclemapping.m2e-subversive does not contain lifecycle mapping metadata
2013-06-11 21:16:41,118 [ModalContext] WARN  o.e.m.i.discovery.MavenDiscovery - CatalogItem org.eclipse.m2e.discovery.lifecyclemapping.m2e-subclipse does not contain lifecycle mapping metadata
2013-06-11 21:16:47,854 [Worker-0] INFO  o.e.m.c.i.l.LifecycleMappingFactory - Using org.eclipse.m2e.jdt.JarLifecycleMapping lifecycle mapping for MavenProject: org.apache.mahout:mahout-core:0.6-SNAPSHOT @ /run/media/root/ss-ntfs/3.Documents/huiswerk_20122013/Profile Project LS/code/source-code/mahout-trunk/core/pom.xml.
2013-06-11 21:17:08,956 [Worker-3] INFO  o.e.m.c.i.i.nexus.NexusIndexManager - Updated index for repository: central|http://repo.maven.apache.org/maven2 in 34278 ms
2013-06-11 21:17:18,826 [Worker-0] INFO  o.e.m.j.i.AbstractJavaProjectConfigurator - Adding source folder /mahout-core/src/main/java
2013-06-11 21:17:18,826 [Worker-0] INFO  o.e.m.j.i.AbstractJavaProjectConfigurator - Adding resource folder /mahout-core/src/main/resources
2013-06-11 21:17:18,834 [Worker-0] INFO  o.e.m.j.i.AbstractJavaProjectConfigurator - Adding source folder /mahout-core/src/test/java
2013-06-11 21:17:18,834 [Worker-0] INFO  o.e.m.j.i.AbstractJavaProjectConfigurator - Adding resource folder /mahout-core/src/test/resources
2013-06-11 21:17:18,862 [Worker-1] INFO  o.e.m.c.i.l.LifecycleMappingFactory - Using org.eclipse.m2e.jdt.JarLifecycleMapping lifecycle mapping for MavenProject: org.apache.mahout:mahout-core:0.6-SNAPSHOT @ /run/media/root/ss-ntfs/3.Documents/huiswerk_20122013/Profile Project LS/code/source-code/mahout-trunk/core/pom.xml.
2013-06-11 21:17:18,969 [Worker-0] INFO  o.e.m.c.i.p.ProjectConfigurationManager - Project import completed 35 sec
2013-06-11 21:17:19,556 [Worker-0] INFO  o.e.m.c.i.p.ProjectConfigurationManager - Update started
2013-06-11 21:17:19,556 [Worker-0] INFO  o.e.m.c.i.p.ProjectConfigurationManager - Update completed: 0 sec
2013-06-11 21:17:31,079 [Worker-8] INFO  o.e.m.c.i.l.LifecycleMappingFactory - Using org.eclipse.m2e.jdt.JarLifecycleMapping lifecycle mapping for MavenProject: org.apache.mahout:mahout-core:0.6-SNAPSHOT @ /run/media/root/ss-ntfs/3.Documents/huiswerk_20122013/Profile Project LS/code/source-code/mahout-trunk/core/pom.xml.
2013-06-11 21:17:31,421 [Worker-8] INFO  o.e.m.c.i.embedder.EclipseLogger - Using 'UTF-8' encoding to copy filtered resources.
2013-06-11 21:17:31,422 [Worker-8] INFO  o.e.m.c.i.embedder.EclipseLogger - Copying 0 resource
2013-06-11 21:17:31,424 [Worker-8] INFO  o.e.m.c.i.embedder.EclipseLogger - Using 'UTF-8' encoding to copy filtered resources.
2013-06-11 21:17:31,426 [Worker-8] INFO  o.e.m.c.i.embedder.EclipseLogger - Copying 5 resources
2013-06-11 21:17:47,861 [Worker-6] INFO  o.e.m.c.i.embedder.EclipseLogger - Using 'UTF-8' encoding to copy filtered resources.
2013-06-11 21:17:47,863 [Worker-6] INFO  o.e.m.c.i.embedder.EclipseLogger - Copying 0 resource
2013-06-11 21:17:47,865 [Worker-6] INFO  o.e.m.c.i.embedder.EclipseLogger - Using 'UTF-8' encoding to copy filtered resources.
2013-06-11 21:17:47,865 [Worker-6] INFO  o.e.m.c.i.embedder.EclipseLogger - Copying 0 resource
