2013-06-13 13:52:21,588 [Worker-3] INFO  o.e.m.c.i.i.nexus.NexusIndexManager - Updating index for repository: central|http://repo.maven.apache.org/maven2
2013-06-13 13:52:21,882 [Worker-3] INFO  c.n.h.c.p.n.NettyAsyncHttpProvider - Number of application's worked threads is 4
2013-06-13 13:52:43,085 [ModalContext] WARN  o.e.m.i.discovery.MavenDiscovery - CatalogItem org.eclipse.m2e.discovery.lifecyclemapping.m2e-wtp does not contain lifecycle mapping metadata
2013-06-13 13:52:43,128 [ModalContext] WARN  o.e.m.i.discovery.MavenDiscovery - CatalogItem org.eclipse.m2e.discovery.lifecyclemapping.m2e-egit does not contain lifecycle mapping metadata
2013-06-13 13:52:43,138 [ModalContext] WARN  o.e.m.i.discovery.MavenDiscovery - CatalogItem org.eclipse.m2e.discovery.lifecyclemapping.m2e-subversive does not contain lifecycle mapping metadata
2013-06-13 13:52:43,154 [ModalContext] WARN  o.e.m.i.discovery.MavenDiscovery - CatalogItem org.eclipse.m2e.discovery.lifecyclemapping.m2e-subclipse does not contain lifecycle mapping metadata
2013-06-13 13:52:54,613 [Worker-3] INFO  o.e.m.c.i.i.nexus.NexusIndexManager - Updated index for repository: central|http://repo.maven.apache.org/maven2 in 33035 ms
2013-06-13 13:53:08,668 [Worker-7] INFO  o.e.m.c.i.l.LifecycleMappingFactory - Using org.eclipse.m2e.jdt.JarLifecycleMapping lifecycle mapping for MavenProject: org.apache.mahout:mahout-math:0.6-SNAPSHOT @ /run/media/root/ss-ntfs/3.Documents/huiswerk_20122013/Profile Project LS/code_/code/source-code/mahout-trunk/math/pom.xml.
2013-06-13 13:53:11,145 [Worker-8] INFO  o.e.m.c.i.l.LifecycleMappingFactory - Using org.eclipse.m2e.jdt.JarLifecycleMapping lifecycle mapping for MavenProject: org.apache.mahout:mahout-math:0.6-SNAPSHOT @ /run/media/root/ss-ntfs/3.Documents/huiswerk_20122013/Profile Project LS/code_/code/source-code/mahout-trunk/math/pom.xml.
2013-06-13 13:53:11,172 [Worker-7] INFO  o.e.m.j.i.AbstractJavaProjectConfigurator - Adding source folder /mahout-math/src/main/java
2013-06-13 13:53:11,202 [Worker-7] INFO  o.e.m.j.i.AbstractJavaProjectConfigurator - Adding source folder /mahout-math/src/test/java
2013-06-13 13:53:11,217 [Worker-7] INFO  o.e.m.j.i.AbstractJavaProjectConfigurator - Adding resource folder /mahout-math/src/test/resources
2013-06-13 13:53:12,484 [Worker-7] INFO  o.e.m.c.i.p.ProjectConfigurationManager - Project import completed 11 sec
2013-06-13 13:53:20,118 [Worker-10] INFO  o.e.m.c.i.p.ProjectConfigurationManager - Update started
2013-06-13 13:53:20,119 [Worker-10] INFO  o.e.m.c.i.p.ProjectConfigurationManager - Update completed: 0 sec
2013-06-13 13:55:16,524 [Worker-5] INFO  o.e.m.c.i.l.LifecycleMappingFactory - Using org.eclipse.m2e.jdt.JarLifecycleMapping lifecycle mapping for MavenProject: org.apache.mahout:mahout-core:0.6-SNAPSHOT @ /run/media/root/ss-ntfs/3.Documents/huiswerk_20122013/Profile Project LS/code_/code/source-code/mahout-trunk/core/pom.xml.
2013-06-13 13:55:33,282 [Worker-5] INFO  o.e.m.c.i.embedder.EclipseLogger - Using 'UTF-8' encoding to copy filtered resources.
2013-06-13 13:55:33,292 [Worker-5] INFO  o.e.m.c.i.embedder.EclipseLogger - Copying 0 resource
2013-06-13 13:55:33,306 [Worker-5] INFO  o.e.m.c.i.embedder.EclipseLogger - Using 'UTF-8' encoding to copy filtered resources.
2013-06-13 13:55:33,315 [Worker-5] INFO  o.e.m.c.i.embedder.EclipseLogger - Copying 5 resources
2013-06-13 13:55:34,163 [Worker-12] INFO  o.e.m.c.i.l.LifecycleMappingFactory - Using org.eclipse.m2e.jdt.JarLifecycleMapping lifecycle mapping for MavenProject: org.apache.mahout:mahout-core:0.6-SNAPSHOT @ /run/media/root/ss-ntfs/3.Documents/huiswerk_20122013/Profile Project LS/code_/code/source-code/mahout-trunk/core/pom.xml.
2013-06-13 13:55:42,399 [Worker-5] INFO  o.e.m.c.i.l.LifecycleMappingFactory - Using org.eclipse.m2e.jdt.JarLifecycleMapping lifecycle mapping for MavenProject: org.apache.mahout:mahout-math:0.6-SNAPSHOT @ /run/media/root/ss-ntfs/3.Documents/huiswerk_20122013/Profile Project LS/code_/code/source-code/mahout-trunk/math/pom.xml.
2013-06-13 13:55:42,887 [Worker-5] INFO  o.e.m.c.i.embedder.EclipseLogger - Using 'UTF-8' encoding to copy filtered resources.
2013-06-13 13:55:42,889 [Worker-5] INFO  o.e.m.c.i.embedder.EclipseLogger - skip non existing resourceDirectory /run/media/root/ss-ntfs/3.Documents/huiswerk_20122013/Profile Project LS/code_/code/source-code/mahout-trunk/math/src/main/resources
2013-06-13 13:55:42,898 [Worker-5] INFO  o.e.m.c.i.embedder.EclipseLogger - Using 'UTF-8' encoding to copy filtered resources.
2013-06-13 13:55:42,906 [Worker-5] INFO  o.e.m.c.i.embedder.EclipseLogger - Copying 2 resources
2013-06-13 13:55:59,101 [Worker-11] INFO  o.e.m.c.i.l.LifecycleMappingFactory - Using org.eclipse.m2e.jdt.JarLifecycleMapping lifecycle mapping for MavenProject: org.apache.mahout:mahout-core:0.6-SNAPSHOT @ /run/media/root/ss-ntfs/3.Documents/huiswerk_20122013/Profile Project LS/code_/code/source-code/mahout-trunk/core/pom.xml.
2013-06-13 13:56:53,031 [Worker-7] INFO  o.e.m.c.i.embedder.EclipseLogger - Using 'UTF-8' encoding to copy filtered resources.
2013-06-13 13:56:53,032 [Worker-7] INFO  o.e.m.c.i.embedder.EclipseLogger - skip non existing resourceDirectory /run/media/root/ss-ntfs/3.Documents/huiswerk_20122013/Profile Project LS/code_/code/source-code/mahout-trunk/math/src/main/resources
2013-06-13 13:56:53,039 [Worker-7] INFO  o.e.m.c.i.embedder.EclipseLogger - Using 'UTF-8' encoding to copy filtered resources.
2013-06-13 13:56:53,047 [Worker-7] INFO  o.e.m.c.i.embedder.EclipseLogger - Copying 0 resource
2013-06-13 13:56:53,232 [Worker-7] INFO  o.e.m.c.i.embedder.EclipseLogger - Using 'UTF-8' encoding to copy filtered resources.
2013-06-13 13:56:53,237 [Worker-7] INFO  o.e.m.c.i.embedder.EclipseLogger - Copying 0 resource
2013-06-13 13:56:53,245 [Worker-7] INFO  o.e.m.c.i.embedder.EclipseLogger - Using 'UTF-8' encoding to copy filtered resources.
2013-06-13 13:56:53,256 [Worker-7] INFO  o.e.m.c.i.embedder.EclipseLogger - Copying 5 resources
2013-06-13 19:44:55,786 [Worker-0] INFO  o.e.m.c.i.i.nexus.NexusIndexManager - Updating index for repository: central|http://repo.maven.apache.org/maven2
2013-06-13 19:44:56,166 [Worker-0] INFO  c.n.h.c.p.n.NettyAsyncHttpProvider - Number of application's worked threads is 8
2013-06-13 19:45:08,991 [Worker-2] INFO  o.e.m.c.i.embedder.EclipseLogger - Using 'UTF-8' encoding to copy filtered resources.
2013-06-13 19:45:08,992 [Worker-2] INFO  o.e.m.c.i.embedder.EclipseLogger - skip non existing resourceDirectory /run/media/root/ss-ntfs/3.Documents/huiswerk_20122013/Profile Project LS/code_/code/source-code/mahout-trunk/math/src/main/resources
2013-06-13 19:45:08,994 [Worker-2] INFO  o.e.m.c.i.embedder.EclipseLogger - Using 'UTF-8' encoding to copy filtered resources.
2013-06-13 19:45:08,996 [Worker-2] INFO  o.e.m.c.i.embedder.EclipseLogger - Copying 2 resources
2013-06-13 19:45:51,837 [Worker-0] INFO  o.e.m.c.i.i.nexus.NexusIndexManager - Updated index for repository: central|http://repo.maven.apache.org/maven2 in 56054 ms
2013-06-13 19:45:54,629 [Worker-2] INFO  o.e.m.c.i.embedder.EclipseLogger - Using 'UTF-8' encoding to copy filtered resources.
2013-06-13 19:45:54,629 [Worker-2] INFO  o.e.m.c.i.embedder.EclipseLogger - Copying 0 resource
2013-06-13 19:45:54,631 [Worker-2] INFO  o.e.m.c.i.embedder.EclipseLogger - Using 'UTF-8' encoding to copy filtered resources.
2013-06-13 19:45:54,633 [Worker-2] INFO  o.e.m.c.i.embedder.EclipseLogger - Copying 5 resources
2013-06-13 19:55:58,950 [Worker-10] INFO  o.e.m.c.i.embedder.EclipseLogger - Using 'UTF-8' encoding to copy filtered resources.
2013-06-13 19:55:58,950 [Worker-10] INFO  o.e.m.c.i.embedder.EclipseLogger - skip non existing resourceDirectory /run/media/root/ss-ntfs/3.Documents/huiswerk_20122013/Profile Project LS/code_/code/source-code/mahout-trunk/math/src/main/resources
2013-06-13 19:55:58,954 [Worker-10] INFO  o.e.m.c.i.embedder.EclipseLogger - Using 'UTF-8' encoding to copy filtered resources.
2013-06-13 19:55:58,956 [Worker-10] INFO  o.e.m.c.i.embedder.EclipseLogger - Copying 2 resources
2013-06-13 19:56:01,666 [Worker-10] INFO  o.e.m.c.i.embedder.EclipseLogger - Using 'UTF-8' encoding to copy filtered resources.
2013-06-13 19:56:01,668 [Worker-10] INFO  o.e.m.c.i.embedder.EclipseLogger - Copying 0 resource
2013-06-13 19:56:01,670 [Worker-10] INFO  o.e.m.c.i.embedder.EclipseLogger - Using 'UTF-8' encoding to copy filtered resources.
2013-06-13 19:56:01,672 [Worker-10] INFO  o.e.m.c.i.embedder.EclipseLogger - Copying 5 resources
2013-06-13 19:56:17,147 [Worker-4] INFO  o.e.m.c.i.l.LifecycleMappingFactory - Using org.eclipse.m2e.jdt.JarLifecycleMapping lifecycle mapping for MavenProject: org.apache.mahout:mahout-math:0.6-SNAPSHOT @ /run/media/root/ss-ntfs/3.Documents/huiswerk_20122013/Profile Project LS/code_/code/source-code/mahout-trunk/math/pom.xml.
2013-06-13 19:56:22,094 [Worker-4] INFO  o.e.m.c.i.embedder.EclipseLogger - Using 'UTF-8' encoding to copy filtered resources.
2013-06-13 19:56:22,095 [Worker-4] INFO  o.e.m.c.i.embedder.EclipseLogger - skip non existing resourceDirectory /run/media/root/ss-ntfs/3.Documents/huiswerk_20122013/Profile Project LS/code_/code/source-code/mahout-trunk/math/src/main/resources
2013-06-13 19:56:22,098 [Worker-4] INFO  o.e.m.c.i.embedder.EclipseLogger - Using 'UTF-8' encoding to copy filtered resources.
2013-06-13 19:56:22,100 [Worker-4] INFO  o.e.m.c.i.embedder.EclipseLogger - Copying 2 resources
2013-06-13 19:56:30,363 [Worker-8] INFO  o.e.m.c.i.l.LifecycleMappingFactory - Using org.eclipse.m2e.jdt.JarLifecycleMapping lifecycle mapping for MavenProject: org.apache.mahout:mahout-core:0.6-SNAPSHOT @ /run/media/root/ss-ntfs/3.Documents/huiswerk_20122013/Profile Project LS/code_/code/source-code/mahout-trunk/core/pom.xml.
2013-06-13 19:56:33,018 [Worker-8] INFO  o.e.m.c.i.embedder.EclipseLogger - Using 'UTF-8' encoding to copy filtered resources.
2013-06-13 19:56:33,018 [Worker-8] INFO  o.e.m.c.i.embedder.EclipseLogger - Copying 0 resource
2013-06-13 19:56:33,019 [Worker-8] INFO  o.e.m.c.i.embedder.EclipseLogger - Using 'UTF-8' encoding to copy filtered resources.
2013-06-13 19:56:33,021 [Worker-8] INFO  o.e.m.c.i.embedder.EclipseLogger - Copying 5 resources
2013-06-13 19:58:14,180 [Worker-4] INFO  o.e.m.c.i.embedder.EclipseLogger - Using 'UTF-8' encoding to copy filtered resources.
2013-06-13 19:58:14,180 [Worker-4] INFO  o.e.m.c.i.embedder.EclipseLogger - skip non existing resourceDirectory /run/media/root/ss-ntfs/3.Documents/huiswerk_20122013/Profile Project LS/code_/code/source-code/mahout-trunk/math/src/main/resources
2013-06-13 19:58:14,181 [Worker-4] INFO  o.e.m.c.i.embedder.EclipseLogger - Using 'UTF-8' encoding to copy filtered resources.
2013-06-13 19:58:14,182 [Worker-4] INFO  o.e.m.c.i.embedder.EclipseLogger - Copying 0 resource
2013-06-13 19:58:14,199 [Worker-4] INFO  o.e.m.c.i.embedder.EclipseLogger - Using 'UTF-8' encoding to copy filtered resources.
2013-06-13 19:58:14,199 [Worker-4] INFO  o.e.m.c.i.embedder.EclipseLogger - Copying 0 resource
2013-06-13 19:58:14,201 [Worker-4] INFO  o.e.m.c.i.embedder.EclipseLogger - Using 'UTF-8' encoding to copy filtered resources.
2013-06-13 19:58:14,202 [Worker-4] INFO  o.e.m.c.i.embedder.EclipseLogger - Copying 0 resource
2013-06-13 19:58:18,983 [Worker-10] INFO  o.e.m.c.i.l.LifecycleMappingFactory - Using org.eclipse.m2e.jdt.JarLifecycleMapping lifecycle mapping for MavenProject: org.apache.mahout:mahout-math:0.6-SNAPSHOT @ /run/media/root/ss-ntfs/3.Documents/huiswerk_20122013/Profile Project LS/code_/code/source-code/mahout-trunk/math/pom.xml.
2013-06-13 19:58:19,067 [Worker-10] INFO  o.e.m.c.i.embedder.EclipseLogger - Using 'UTF-8' encoding to copy filtered resources.
2013-06-13 19:58:19,067 [Worker-10] INFO  o.e.m.c.i.embedder.EclipseLogger - skip non existing resourceDirectory /run/media/root/ss-ntfs/3.Documents/huiswerk_20122013/Profile Project LS/code_/code/source-code/mahout-trunk/math/src/main/resources
2013-06-13 19:58:19,069 [Worker-10] INFO  o.e.m.c.i.embedder.EclipseLogger - Using 'UTF-8' encoding to copy filtered resources.
2013-06-13 19:58:19,069 [Worker-10] INFO  o.e.m.c.i.embedder.EclipseLogger - Copying 2 resources
2013-06-13 19:58:20,775 [Worker-10] INFO  o.e.m.c.i.l.LifecycleMappingFactory - Using org.eclipse.m2e.jdt.JarLifecycleMapping lifecycle mapping for MavenProject: org.apache.mahout:mahout-core:0.6-SNAPSHOT @ /run/media/root/ss-ntfs/3.Documents/huiswerk_20122013/Profile Project LS/code_/code/source-code/mahout-trunk/core/pom.xml.
2013-06-13 19:58:20,975 [Worker-10] INFO  o.e.m.c.i.embedder.EclipseLogger - Using 'UTF-8' encoding to copy filtered resources.
2013-06-13 19:58:20,976 [Worker-10] INFO  o.e.m.c.i.embedder.EclipseLogger - Copying 0 resource
2013-06-13 19:58:20,978 [Worker-10] INFO  o.e.m.c.i.embedder.EclipseLogger - Using 'UTF-8' encoding to copy filtered resources.
2013-06-13 19:58:20,980 [Worker-10] INFO  o.e.m.c.i.embedder.EclipseLogger - Copying 5 resources
2013-06-13 20:03:50,056 [Worker-16] INFO  o.e.m.c.i.embedder.EclipseLogger - Using 'UTF-8' encoding to copy filtered resources.
2013-06-13 20:03:50,057 [Worker-16] INFO  o.e.m.c.i.embedder.EclipseLogger - skip non existing resourceDirectory /run/media/root/ss-ntfs/3.Documents/huiswerk_20122013/Profile Project LS/code_/code/source-code/mahout-trunk/math/src/main/resources
2013-06-13 20:03:50,058 [Worker-16] INFO  o.e.m.c.i.embedder.EclipseLogger - Using 'UTF-8' encoding to copy filtered resources.
2013-06-13 20:03:50,058 [Worker-16] INFO  o.e.m.c.i.embedder.EclipseLogger - Copying 0 resource
2013-06-13 20:03:50,065 [Worker-16] INFO  o.e.m.c.i.embedder.EclipseLogger - Using 'UTF-8' encoding to copy filtered resources.
2013-06-13 20:03:50,065 [Worker-16] INFO  o.e.m.c.i.embedder.EclipseLogger - Copying 0 resource
2013-06-13 20:03:50,067 [Worker-16] INFO  o.e.m.c.i.embedder.EclipseLogger - Using 'UTF-8' encoding to copy filtered resources.
2013-06-13 20:03:50,068 [Worker-16] INFO  o.e.m.c.i.embedder.EclipseLogger - Copying 0 resource
2013-06-13 20:03:52,666 [Worker-21] INFO  o.e.m.c.i.l.LifecycleMappingFactory - Using org.eclipse.m2e.jdt.JarLifecycleMapping lifecycle mapping for MavenProject: org.apache.mahout:mahout-math:0.6-SNAPSHOT @ /run/media/root/ss-ntfs/3.Documents/huiswerk_20122013/Profile Project LS/code_/code/source-code/mahout-trunk/math/pom.xml.
2013-06-13 20:03:52,759 [Worker-21] INFO  o.e.m.c.i.embedder.EclipseLogger - Using 'UTF-8' encoding to copy filtered resources.
2013-06-13 20:03:52,760 [Worker-21] INFO  o.e.m.c.i.embedder.EclipseLogger - skip non existing resourceDirectory /run/media/root/ss-ntfs/3.Documents/huiswerk_20122013/Profile Project LS/code_/code/source-code/mahout-trunk/math/src/main/resources
2013-06-13 20:03:52,761 [Worker-21] INFO  o.e.m.c.i.embedder.EclipseLogger - Using 'UTF-8' encoding to copy filtered resources.
2013-06-13 20:03:52,762 [Worker-21] INFO  o.e.m.c.i.embedder.EclipseLogger - Copying 2 resources
2013-06-13 20:03:55,447 [Worker-21] INFO  o.e.m.c.i.l.LifecycleMappingFactory - Using org.eclipse.m2e.jdt.JarLifecycleMapping lifecycle mapping for MavenProject: org.apache.mahout:mahout-core:0.6-SNAPSHOT @ /run/media/root/ss-ntfs/3.Documents/huiswerk_20122013/Profile Project LS/code_/code/source-code/mahout-trunk/core/pom.xml.
2013-06-13 20:03:56,589 [Worker-21] INFO  o.e.m.c.i.embedder.EclipseLogger - Using 'UTF-8' encoding to copy filtered resources.
2013-06-13 20:03:56,590 [Worker-21] INFO  o.e.m.c.i.embedder.EclipseLogger - Copying 0 resource
2013-06-13 20:03:56,591 [Worker-21] INFO  o.e.m.c.i.embedder.EclipseLogger - Using 'UTF-8' encoding to copy filtered resources.
2013-06-13 20:03:56,592 [Worker-21] INFO  o.e.m.c.i.embedder.EclipseLogger - Copying 5 resources
2013-06-13 20:04:55,519 [Worker-20] INFO  o.e.m.c.i.embedder.EclipseLogger - Using 'UTF-8' encoding to copy filtered resources.
2013-06-13 20:04:55,519 [Worker-20] INFO  o.e.m.c.i.embedder.EclipseLogger - skip non existing resourceDirectory /run/media/root/ss-ntfs/3.Documents/huiswerk_20122013/Profile Project LS/code_/code/source-code/mahout-trunk/math/src/main/resources
2013-06-13 20:04:55,520 [Worker-20] INFO  o.e.m.c.i.embedder.EclipseLogger - Using 'UTF-8' encoding to copy filtered resources.
2013-06-13 20:04:55,521 [Worker-20] INFO  o.e.m.c.i.embedder.EclipseLogger - Copying 0 resource
2013-06-13 20:04:55,527 [Worker-20] INFO  o.e.m.c.i.embedder.EclipseLogger - Using 'UTF-8' encoding to copy filtered resources.
2013-06-13 20:04:55,528 [Worker-20] INFO  o.e.m.c.i.embedder.EclipseLogger - Copying 0 resource
2013-06-13 20:04:55,529 [Worker-20] INFO  o.e.m.c.i.embedder.EclipseLogger - Using 'UTF-8' encoding to copy filtered resources.
2013-06-13 20:04:55,529 [Worker-20] INFO  o.e.m.c.i.embedder.EclipseLogger - Copying 0 resource
2013-06-13 20:04:59,501 [Worker-11] INFO  o.e.m.c.i.l.LifecycleMappingFactory - Using org.eclipse.m2e.jdt.JarLifecycleMapping lifecycle mapping for MavenProject: org.apache.mahout:mahout-math:0.6-SNAPSHOT @ /run/media/root/ss-ntfs/3.Documents/huiswerk_20122013/Profile Project LS/code_/code/source-code/mahout-trunk/math/pom.xml.
2013-06-13 20:04:59,581 [Worker-11] INFO  o.e.m.c.i.embedder.EclipseLogger - Using 'UTF-8' encoding to copy filtered resources.
2013-06-13 20:04:59,581 [Worker-11] INFO  o.e.m.c.i.embedder.EclipseLogger - skip non existing resourceDirectory /run/media/root/ss-ntfs/3.Documents/huiswerk_20122013/Profile Project LS/code_/code/source-code/mahout-trunk/math/src/main/resources
2013-06-13 20:04:59,583 [Worker-11] INFO  o.e.m.c.i.embedder.EclipseLogger - Using 'UTF-8' encoding to copy filtered resources.
2013-06-13 20:04:59,583 [Worker-11] INFO  o.e.m.c.i.embedder.EclipseLogger - Copying 2 resources
2013-06-13 20:05:01,520 [Worker-11] INFO  o.e.m.c.i.l.LifecycleMappingFactory - Using org.eclipse.m2e.jdt.JarLifecycleMapping lifecycle mapping for MavenProject: org.apache.mahout:mahout-core:0.6-SNAPSHOT @ /run/media/root/ss-ntfs/3.Documents/huiswerk_20122013/Profile Project LS/code_/code/source-code/mahout-trunk/core/pom.xml.
2013-06-13 20:05:01,712 [Worker-11] INFO  o.e.m.c.i.embedder.EclipseLogger - Using 'UTF-8' encoding to copy filtered resources.
2013-06-13 20:05:01,713 [Worker-11] INFO  o.e.m.c.i.embedder.EclipseLogger - Copying 0 resource
2013-06-13 20:05:01,714 [Worker-11] INFO  o.e.m.c.i.embedder.EclipseLogger - Using 'UTF-8' encoding to copy filtered resources.
2013-06-13 20:05:01,715 [Worker-11] INFO  o.e.m.c.i.embedder.EclipseLogger - Copying 5 resources
2013-06-13 20:08:50,989 [Worker-22] INFO  o.e.m.c.i.embedder.EclipseLogger - Using 'UTF-8' encoding to copy filtered resources.
2013-06-13 20:08:50,990 [Worker-22] INFO  o.e.m.c.i.embedder.EclipseLogger - skip non existing resourceDirectory /run/media/root/ss-ntfs/3.Documents/huiswerk_20122013/Profile Project LS/code_/code/source-code/mahout-trunk/math/src/main/resources
2013-06-13 20:08:50,991 [Worker-22] INFO  o.e.m.c.i.embedder.EclipseLogger - Using 'UTF-8' encoding to copy filtered resources.
2013-06-13 20:08:50,992 [Worker-22] INFO  o.e.m.c.i.embedder.EclipseLogger - Copying 0 resource
2013-06-13 20:08:50,998 [Worker-22] INFO  o.e.m.c.i.embedder.EclipseLogger - Using 'UTF-8' encoding to copy filtered resources.
2013-06-13 20:08:50,998 [Worker-22] INFO  o.e.m.c.i.embedder.EclipseLogger - Copying 0 resource
2013-06-13 20:08:50,999 [Worker-22] INFO  o.e.m.c.i.embedder.EclipseLogger - Using 'UTF-8' encoding to copy filtered resources.
2013-06-13 20:08:51,000 [Worker-22] INFO  o.e.m.c.i.embedder.EclipseLogger - Copying 0 resource
2013-06-13 20:11:04,781 [Worker-22] INFO  o.e.m.c.i.embedder.EclipseLogger - Using 'UTF-8' encoding to copy filtered resources.
2013-06-13 20:11:04,781 [Worker-22] INFO  o.e.m.c.i.embedder.EclipseLogger - skip non existing resourceDirectory /run/media/root/ss-ntfs/3.Documents/huiswerk_20122013/Profile Project LS/code_/code/source-code/mahout-trunk/math/src/main/resources
2013-06-13 20:11:04,784 [Worker-22] INFO  o.e.m.c.i.embedder.EclipseLogger - Using 'UTF-8' encoding to copy filtered resources.
2013-06-13 20:11:04,785 [Worker-22] INFO  o.e.m.c.i.embedder.EclipseLogger - Copying 0 resource
2013-06-13 20:11:04,798 [Worker-22] INFO  o.e.m.c.i.embedder.EclipseLogger - Using 'UTF-8' encoding to copy filtered resources.
2013-06-13 20:11:04,799 [Worker-22] INFO  o.e.m.c.i.embedder.EclipseLogger - Copying 0 resource
2013-06-13 20:11:04,802 [Worker-22] INFO  o.e.m.c.i.embedder.EclipseLogger - Using 'UTF-8' encoding to copy filtered resources.
2013-06-13 20:11:04,803 [Worker-22] INFO  o.e.m.c.i.embedder.EclipseLogger - Copying 0 resource
2013-06-13 20:12:09,720 [Worker-28] INFO  o.e.m.c.i.l.LifecycleMappingFactory - Using org.eclipse.m2e.jdt.JarLifecycleMapping lifecycle mapping for MavenProject: org.apache.mahout:mahout-math:0.6-SNAPSHOT @ /run/media/root/ss-ntfs/3.Documents/huiswerk_20122013/Profile Project LS/code_/code/source-code/mahout-trunk/math/pom.xml.
2013-06-13 20:12:09,807 [Worker-28] INFO  o.e.m.c.i.embedder.EclipseLogger - Using 'UTF-8' encoding to copy filtered resources.
2013-06-13 20:12:09,807 [Worker-28] INFO  o.e.m.c.i.embedder.EclipseLogger - skip non existing resourceDirectory /run/media/root/ss-ntfs/3.Documents/huiswerk_20122013/Profile Project LS/code_/code/source-code/mahout-trunk/math/src/main/resources
2013-06-13 20:12:09,808 [Worker-28] INFO  o.e.m.c.i.embedder.EclipseLogger - Using 'UTF-8' encoding to copy filtered resources.
2013-06-13 20:12:09,809 [Worker-28] INFO  o.e.m.c.i.embedder.EclipseLogger - Copying 2 resources
2013-06-13 20:12:11,950 [Worker-28] INFO  o.e.m.c.i.l.LifecycleMappingFactory - Using org.eclipse.m2e.jdt.JarLifecycleMapping lifecycle mapping for MavenProject: org.apache.mahout:mahout-core:0.6-SNAPSHOT @ /run/media/root/ss-ntfs/3.Documents/huiswerk_20122013/Profile Project LS/code_/code/source-code/mahout-trunk/core/pom.xml.
2013-06-13 20:12:12,201 [Worker-28] INFO  o.e.m.c.i.embedder.EclipseLogger - Using 'UTF-8' encoding to copy filtered resources.
2013-06-13 20:12:12,201 [Worker-28] INFO  o.e.m.c.i.embedder.EclipseLogger - Copying 0 resource
2013-06-13 20:12:12,202 [Worker-28] INFO  o.e.m.c.i.embedder.EclipseLogger - Using 'UTF-8' encoding to copy filtered resources.
2013-06-13 20:12:12,203 [Worker-28] INFO  o.e.m.c.i.embedder.EclipseLogger - Copying 5 resources
2013-06-15 21:01:55,126 [Worker-3] INFO  o.e.m.c.i.l.LifecycleMappingFactory - Using org.eclipse.m2e.jdt.JarLifecycleMapping lifecycle mapping for MavenProject: org.apache.mahout:mahout-core:0.6-SNAPSHOT @ /run/media/root/ss-ntfs/3.Documents/huiswerk_20122013/Profile Project LS/code_/code/source-code/mahout-trunk/core/pom.xml.
2013-06-15 21:01:56,102 [Worker-0] INFO  o.e.m.c.i.i.nexus.NexusIndexManager - Updating index for repository: central|http://repo.maven.apache.org/maven2
2013-06-15 21:01:56,276 [Worker-0] INFO  c.n.h.c.p.n.NettyAsyncHttpProvider - Number of application's worked threads is 8
2013-06-15 21:01:57,891 [Worker-3] INFO  o.e.m.c.i.embedder.EclipseLogger - Using 'UTF-8' encoding to copy filtered resources.
2013-06-15 21:01:57,910 [Worker-3] INFO  o.e.m.c.i.embedder.EclipseLogger - Copying 0 resource
2013-06-15 21:01:57,913 [Worker-3] INFO  o.e.m.c.i.embedder.EclipseLogger - Using 'UTF-8' encoding to copy filtered resources.
2013-06-15 21:01:57,942 [Worker-3] INFO  o.e.m.c.i.embedder.EclipseLogger - Copying 5 resources
2013-06-15 21:01:59,870 [Worker-4] INFO  o.e.m.c.i.embedder.EclipseLogger - Using 'UTF-8' encoding to copy filtered resources.
2013-06-15 21:01:59,894 [Worker-4] INFO  o.e.m.c.i.embedder.EclipseLogger - Copying 0 resource
2013-06-15 21:01:59,910 [Worker-4] INFO  o.e.m.c.i.embedder.EclipseLogger - Using 'UTF-8' encoding to copy filtered resources.
2013-06-15 21:01:59,928 [Worker-4] INFO  o.e.m.c.i.embedder.EclipseLogger - Copying 0 resource
2013-06-15 21:02:28,251 [Worker-0] INFO  o.e.m.c.i.i.nexus.NexusIndexManager - Updated index for repository: central|http://repo.maven.apache.org/maven2 in 32149 ms
2013-06-16 14:18:44,642 [Worker-4] INFO  o.e.m.c.i.embedder.EclipseLogger - Using 'UTF-8' encoding to copy filtered resources.
2013-06-16 14:18:44,735 [Worker-4] INFO  o.e.m.c.i.embedder.EclipseLogger - Copying 0 resource
2013-06-16 14:18:44,741 [Worker-4] INFO  o.e.m.c.i.embedder.EclipseLogger - Using 'UTF-8' encoding to copy filtered resources.
2013-06-16 14:18:44,780 [Worker-4] INFO  o.e.m.c.i.embedder.EclipseLogger - Copying 5 resources
2013-06-16 14:18:46,566 [Worker-4] INFO  o.e.m.c.i.i.nexus.NexusIndexManager - Updating index for repository: central|http://repo.maven.apache.org/maven2
2013-06-16 14:18:46,805 [Worker-4] INFO  c.n.h.c.p.n.NettyAsyncHttpProvider - Number of application's worked threads is 8
2013-06-16 14:19:14,551 [Worker-4] INFO  o.e.m.c.i.i.nexus.NexusIndexManager - Updated index for repository: central|http://repo.maven.apache.org/maven2 in 27986 ms
2013-06-16 14:24:25,032 [Worker-4] INFO  o.e.m.c.i.i.nexus.NexusIndexManager - Updating index for repository: central|http://repo.maven.apache.org/maven2
2013-06-16 14:24:25,073 [Worker-4] INFO  c.n.h.c.p.n.NettyAsyncHttpProvider - Number of application's worked threads is 8
2013-06-16 14:24:50,836 [Worker-4] INFO  o.e.m.c.i.i.nexus.NexusIndexManager - Updated index for repository: central|http://repo.maven.apache.org/maven2 in 25808 ms
2013-06-16 14:26:07,694 [Worker-1] INFO  o.e.m.c.i.i.nexus.NexusIndexManager - Updating index for repository: central|http://repo.maven.apache.org/maven2
2013-06-16 14:26:07,751 [Worker-1] INFO  c.n.h.c.p.n.NettyAsyncHttpProvider - Number of application's worked threads is 8
2013-06-16 14:26:30,351 [Worker-1] INFO  o.e.m.c.i.i.nexus.NexusIndexManager - Updated index for repository: central|http://repo.maven.apache.org/maven2 in 22662 ms
2013-06-16 14:31:19,395 [Worker-3] INFO  o.e.m.c.i.i.nexus.NexusIndexManager - Updating index for repository: central|http://repo.maven.apache.org/maven2
2013-06-16 14:31:19,453 [Worker-3] INFO  c.n.h.c.p.n.NettyAsyncHttpProvider - Number of application's worked threads is 8
2013-06-16 14:31:26,763 [ModalContext] WARN  o.e.m.i.discovery.MavenDiscovery - CatalogItem org.eclipse.m2e.discovery.lifecyclemapping.m2e-wtp does not contain lifecycle mapping metadata
2013-06-16 14:31:26,765 [ModalContext] WARN  o.e.m.i.discovery.MavenDiscovery - CatalogItem org.eclipse.m2e.discovery.lifecyclemapping.m2e-egit does not contain lifecycle mapping metadata
2013-06-16 14:31:26,766 [ModalContext] WARN  o.e.m.i.discovery.MavenDiscovery - CatalogItem org.eclipse.m2e.discovery.lifecyclemapping.m2e-subversive does not contain lifecycle mapping metadata
2013-06-16 14:31:26,767 [ModalContext] WARN  o.e.m.i.discovery.MavenDiscovery - CatalogItem org.eclipse.m2e.discovery.lifecyclemapping.m2e-subclipse does not contain lifecycle mapping metadata
2013-06-16 14:31:29,174 [Worker-6] INFO  o.e.m.c.i.l.LifecycleMappingFactory - Using org.eclipse.m2e.jdt.JarLifecycleMapping lifecycle mapping for MavenProject: org.apache.mahout:mahout-core:0.6-SNAPSHOT @ /run/media/root/ss-ntfs/3.Documents/huiswerk_20122013/Profile Project LS/code_/code/source-code/mahout-trunk/core/pom.xml.
2013-06-16 14:31:42,629 [Worker-3] INFO  o.e.m.c.i.i.nexus.NexusIndexManager - Updated index for repository: central|http://repo.maven.apache.org/maven2 in 23239 ms
2013-06-16 14:31:43,132 [Worker-6] INFO  o.e.m.j.i.AbstractJavaProjectConfigurator - Adding source folder /mahout-core/src/main/java
2013-06-16 14:31:43,133 [Worker-6] INFO  o.e.m.j.i.AbstractJavaProjectConfigurator - Adding resource folder /mahout-core/src/main/resources
2013-06-16 14:31:43,137 [Worker-6] INFO  o.e.m.j.i.AbstractJavaProjectConfigurator - Adding source folder /mahout-core/src/test/java
2013-06-16 14:31:43,138 [Worker-6] INFO  o.e.m.j.i.AbstractJavaProjectConfigurator - Adding resource folder /mahout-core/src/test/resources
2013-06-16 14:31:43,291 [Worker-6] INFO  o.e.m.c.i.p.ProjectConfigurationManager - Project import completed 15 sec
2013-06-16 14:31:55,075 [Worker-6] INFO  o.e.m.c.i.p.ProjectConfigurationManager - Update started
2013-06-16 14:31:55,075 [Worker-6] INFO  o.e.m.c.i.p.ProjectConfigurationManager - Update completed: 0 sec
2013-06-16 14:31:55,115 [Worker-2] INFO  o.e.m.c.i.l.LifecycleMappingFactory - Using org.eclipse.m2e.jdt.JarLifecycleMapping lifecycle mapping for MavenProject: org.apache.mahout:mahout-core:0.6-SNAPSHOT @ /run/media/root/ss-ntfs/3.Documents/huiswerk_20122013/Profile Project LS/code_/code/source-code/mahout-trunk/core/pom.xml.
2013-06-16 14:31:55,259 [Worker-6] INFO  o.e.m.c.i.l.LifecycleMappingFactory - Using org.eclipse.m2e.jdt.JarLifecycleMapping lifecycle mapping for MavenProject: org.apache.mahout:mahout-math:0.6-SNAPSHOT @ /run/media/root/ss-ntfs/3.Documents/huiswerk_20122013/Profile Project LS/code_/code/source-code/mahout-trunk/math/pom.xml.
2013-06-16 14:31:55,313 [Worker-6] INFO  o.e.m.c.i.l.LifecycleMappingFactory - Using org.eclipse.m2e.jdt.JarLifecycleMapping lifecycle mapping for MavenProject: org.apache.mahout:mahout-core:0.6-SNAPSHOT @ /run/media/root/ss-ntfs/3.Documents/huiswerk_20122013/Profile Project LS/code_/code/source-code/mahout-trunk/core/pom.xml.
2013-06-16 14:31:55,898 [Worker-6] INFO  o.e.m.j.i.AbstractJavaProjectConfigurator - Adding source folder /mahout-math/src/main/java
2013-06-16 14:31:55,899 [Worker-6] INFO  o.e.m.j.i.AbstractJavaProjectConfigurator - Adding source folder /mahout-math/src/test/java
2013-06-16 14:31:55,899 [Worker-6] INFO  o.e.m.j.i.AbstractJavaProjectConfigurator - Adding resource folder /mahout-math/src/test/resources
2013-06-16 14:31:56,048 [Worker-6] INFO  o.e.m.c.i.p.ProjectConfigurationManager - Project import completed 0 sec
2013-06-16 14:31:56,220 [Worker-7] INFO  o.e.m.c.i.p.ProjectConfigurationManager - Update started
2013-06-16 14:31:56,220 [Worker-7] INFO  o.e.m.c.i.p.ProjectConfigurationManager - Update completed: 0 sec
2013-06-16 14:31:57,911 [Worker-7] INFO  o.e.m.c.i.l.LifecycleMappingFactory - Using org.eclipse.m2e.jdt.JarLifecycleMapping lifecycle mapping for MavenProject: org.apache.mahout:mahout-core:0.6-SNAPSHOT @ /run/media/root/ss-ntfs/3.Documents/huiswerk_20122013/Profile Project LS/code_/code/source-code/mahout-trunk/core/pom.xml.
2013-06-16 14:31:58,140 [Worker-7] INFO  o.e.m.c.i.l.LifecycleMappingFactory - Using org.eclipse.m2e.jdt.JarLifecycleMapping lifecycle mapping for MavenProject: org.apache.mahout:mahout-math:0.6-SNAPSHOT @ /run/media/root/ss-ntfs/3.Documents/huiswerk_20122013/Profile Project LS/code_/code/source-code/mahout-trunk/math/pom.xml.
2013-06-16 14:32:00,041 [Worker-3] INFO  o.e.m.c.i.l.LifecycleMappingFactory - Using org.eclipse.m2e.jdt.JarLifecycleMapping lifecycle mapping for MavenProject: org.apache.mahout:mahout-math:0.6-SNAPSHOT @ /run/media/root/ss-ntfs/3.Documents/huiswerk_20122013/Profile Project LS/code_/code/source-code/mahout-trunk/math/pom.xml.
2013-06-16 14:32:00,160 [Worker-3] INFO  o.e.m.c.i.embedder.EclipseLogger - Using 'UTF-8' encoding to copy filtered resources.
2013-06-16 14:32:00,161 [Worker-3] INFO  o.e.m.c.i.embedder.EclipseLogger - skip non existing resourceDirectory /run/media/root/ss-ntfs/3.Documents/huiswerk_20122013/Profile Project LS/code_/code/source-code/mahout-trunk/math/src/main/resources
2013-06-16 14:32:00,163 [Worker-3] INFO  o.e.m.c.i.embedder.EclipseLogger - Using 'UTF-8' encoding to copy filtered resources.
2013-06-16 14:32:00,165 [Worker-3] INFO  o.e.m.c.i.embedder.EclipseLogger - Copying 2 resources
2013-06-16 14:32:08,098 [Worker-3] INFO  o.e.m.c.i.l.LifecycleMappingFactory - Using org.eclipse.m2e.jdt.JarLifecycleMapping lifecycle mapping for MavenProject: org.apache.mahout:mahout-core:0.6-SNAPSHOT @ /run/media/root/ss-ntfs/3.Documents/huiswerk_20122013/Profile Project LS/code_/code/source-code/mahout-trunk/core/pom.xml.
2013-06-16 14:32:08,310 [Worker-3] INFO  o.e.m.c.i.embedder.EclipseLogger - Using 'UTF-8' encoding to copy filtered resources.
2013-06-16 14:32:08,310 [Worker-3] INFO  o.e.m.c.i.embedder.EclipseLogger - Copying 0 resource
2013-06-16 14:32:08,312 [Worker-3] INFO  o.e.m.c.i.embedder.EclipseLogger - Using 'UTF-8' encoding to copy filtered resources.
2013-06-16 14:32:08,313 [Worker-3] INFO  o.e.m.c.i.embedder.EclipseLogger - Copying 5 resources
2013-06-16 14:32:09,669 [Worker-7] INFO  o.e.m.c.i.l.LifecycleMappingFactory - Using org.eclipse.m2e.jdt.JarLifecycleMapping lifecycle mapping for MavenProject: org.apache.mahout:mahout-core:0.6-SNAPSHOT @ /run/media/root/ss-ntfs/3.Documents/huiswerk_20122013/Profile Project LS/code_/code/source-code/mahout-trunk/core/pom.xml.
2013-06-16 14:32:09,779 [Worker-7] INFO  o.e.m.c.i.l.LifecycleMappingFactory - Using org.eclipse.m2e.jdt.JarLifecycleMapping lifecycle mapping for MavenProject: org.apache.mahout:mahout-math:0.6-SNAPSHOT @ /run/media/root/ss-ntfs/3.Documents/huiswerk_20122013/Profile Project LS/code_/code/source-code/mahout-trunk/math/pom.xml.
2013-06-16 14:32:10,667 [Worker-9] INFO  o.e.m.c.i.embedder.EclipseLogger - Using 'UTF-8' encoding to copy filtered resources.
2013-06-16 14:32:10,668 [Worker-9] INFO  o.e.m.c.i.embedder.EclipseLogger - skip non existing resourceDirectory /run/media/root/ss-ntfs/3.Documents/huiswerk_20122013/Profile Project LS/code_/code/source-code/mahout-trunk/math/src/main/resources
2013-06-16 14:32:10,669 [Worker-9] INFO  o.e.m.c.i.embedder.EclipseLogger - Using 'UTF-8' encoding to copy filtered resources.
2013-06-16 14:32:10,671 [Worker-9] INFO  o.e.m.c.i.embedder.EclipseLogger - Copying 0 resource
2013-06-16 14:32:10,749 [Worker-9] INFO  o.e.m.c.i.embedder.EclipseLogger - Using 'UTF-8' encoding to copy filtered resources.
2013-06-16 14:32:10,750 [Worker-9] INFO  o.e.m.c.i.embedder.EclipseLogger - Copying 0 resource
2013-06-16 14:32:10,751 [Worker-9] INFO  o.e.m.c.i.embedder.EclipseLogger - Using 'UTF-8' encoding to copy filtered resources.
2013-06-16 14:32:10,751 [Worker-9] INFO  o.e.m.c.i.embedder.EclipseLogger - Copying 0 resource
2013-06-16 15:07:24,927 [Worker-22] INFO  o.e.m.c.i.embedder.EclipseLogger - Using 'UTF-8' encoding to copy filtered resources.
2013-06-16 15:07:24,928 [Worker-22] INFO  o.e.m.c.i.embedder.EclipseLogger - skip non existing resourceDirectory /run/media/root/ss-ntfs/3.Documents/huiswerk_20122013/Profile Project LS/code_/code/source-code/mahout-trunk/math/src/main/resources
2013-06-16 15:07:24,931 [Worker-22] INFO  o.e.m.c.i.embedder.EclipseLogger - Using 'UTF-8' encoding to copy filtered resources.
2013-06-16 15:07:24,932 [Worker-22] INFO  o.e.m.c.i.embedder.EclipseLogger - Copying 0 resource
2013-06-16 15:07:24,944 [Worker-22] INFO  o.e.m.c.i.embedder.EclipseLogger - Using 'UTF-8' encoding to copy filtered resources.
2013-06-16 15:07:24,945 [Worker-22] INFO  o.e.m.c.i.embedder.EclipseLogger - Copying 0 resource
2013-06-16 15:07:24,947 [Worker-22] INFO  o.e.m.c.i.embedder.EclipseLogger - Using 'UTF-8' encoding to copy filtered resources.
2013-06-16 15:07:24,948 [Worker-22] INFO  o.e.m.c.i.embedder.EclipseLogger - Copying 0 resource
2013-06-16 15:08:22,247 [Worker-25] INFO  o.e.m.c.i.embedder.EclipseLogger - Using 'UTF-8' encoding to copy filtered resources.
2013-06-16 15:08:22,249 [Worker-25] INFO  o.e.m.c.i.embedder.EclipseLogger - skip non existing resourceDirectory /run/media/root/ss-ntfs/3.Documents/huiswerk_20122013/Profile Project LS/code_/code/source-code/mahout-trunk/math/src/main/resources
2013-06-16 15:08:22,250 [Worker-25] INFO  o.e.m.c.i.embedder.EclipseLogger - Using 'UTF-8' encoding to copy filtered resources.
2013-06-16 15:08:22,250 [Worker-25] INFO  o.e.m.c.i.embedder.EclipseLogger - Copying 0 resource
2013-06-16 15:08:22,257 [Worker-25] INFO  o.e.m.c.i.embedder.EclipseLogger - Using 'UTF-8' encoding to copy filtered resources.
2013-06-16 15:08:22,257 [Worker-25] INFO  o.e.m.c.i.embedder.EclipseLogger - Copying 0 resource
2013-06-16 15:08:22,258 [Worker-25] INFO  o.e.m.c.i.embedder.EclipseLogger - Using 'UTF-8' encoding to copy filtered resources.
2013-06-16 15:08:22,259 [Worker-25] INFO  o.e.m.c.i.embedder.EclipseLogger - Copying 0 resource
2013-06-16 20:08:37,363 [Worker-3] INFO  o.e.m.c.i.i.nexus.NexusIndexManager - Updating index for repository: central|http://repo.maven.apache.org/maven2
2013-06-16 20:08:37,691 [Worker-3] INFO  c.n.h.c.p.n.NettyAsyncHttpProvider - Number of application's worked threads is 8
2013-06-16 20:09:08,585 [Worker-3] INFO  o.e.m.c.i.i.nexus.NexusIndexManager - Updated index for repository: central|http://repo.maven.apache.org/maven2 in 31225 ms
2013-06-17 12:38:15,100 [Worker-3] INFO  o.e.m.c.i.i.nexus.NexusIndexManager - Updating index for repository: central|http://repo.maven.apache.org/maven2
2013-06-17 12:38:15,331 [Worker-3] INFO  c.n.h.c.p.n.NettyAsyncHttpProvider - Number of application's worked threads is 8
2013-06-17 12:38:40,348 [Worker-3] INFO  o.e.m.c.i.i.nexus.NexusIndexManager - Updated index for repository: central|http://repo.maven.apache.org/maven2 in 25253 ms
2013-06-17 13:51:20,712 [Worker-9] INFO  o.e.m.c.i.i.nexus.NexusIndexManager - Updating index for repository: central|http://repo.maven.apache.org/maven2
2013-06-17 13:51:21,451 [Worker-9] INFO  c.n.h.c.p.n.NettyAsyncHttpProvider - Number of application's worked threads is 4
2013-06-17 13:51:59,808 [Worker-9] INFO  o.e.m.c.i.i.nexus.NexusIndexManager - Updated index for repository: central|http://repo.maven.apache.org/maven2 in 39129 ms
2013-06-17 16:15:37,041 [Worker-4] INFO  o.e.m.c.i.i.nexus.NexusIndexManager - Updating index for repository: central|http://repo.maven.apache.org/maven2
2013-06-17 16:15:37,504 [Worker-4] INFO  c.n.h.c.p.n.NettyAsyncHttpProvider - Number of application's worked threads is 4
2013-06-17 16:16:12,204 [Worker-4] INFO  o.e.m.c.i.i.nexus.NexusIndexManager - Updated index for repository: central|http://repo.maven.apache.org/maven2 in 35204 ms
2013-06-18 11:41:29,794 [Worker-5] INFO  o.e.m.c.i.i.nexus.NexusIndexManager - Updating index for repository: central|http://repo.maven.apache.org/maven2
2013-06-18 11:41:30,021 [Worker-5] INFO  c.n.h.c.p.n.NettyAsyncHttpProvider - Number of application's worked threads is 8
2013-06-18 11:41:39,716 [Worker-4] INFO  o.e.m.c.i.embedder.EclipseLogger - Using 'UTF-8' encoding to copy filtered resources.
2013-06-18 11:41:39,717 [Worker-4] INFO  o.e.m.c.i.embedder.EclipseLogger - skip non existing resourceDirectory /run/media/root/ss-ntfs/3.Documents/huiswerk_20122013/Profile Project LS/code_/code/source-code/mahout-trunk/math/src/main/resources
2013-06-18 11:41:39,720 [Worker-4] INFO  o.e.m.c.i.embedder.EclipseLogger - Using 'UTF-8' encoding to copy filtered resources.
2013-06-18 11:41:39,723 [Worker-4] INFO  o.e.m.c.i.embedder.EclipseLogger - Copying 2 resources
2013-06-18 11:42:09,327 [Worker-4] INFO  o.e.m.c.i.embedder.EclipseLogger - Using 'UTF-8' encoding to copy filtered resources.
2013-06-18 11:42:09,328 [Worker-4] INFO  o.e.m.c.i.embedder.EclipseLogger - Copying 0 resource
2013-06-18 11:42:09,330 [Worker-4] INFO  o.e.m.c.i.embedder.EclipseLogger - Using 'UTF-8' encoding to copy filtered resources.
2013-06-18 11:42:09,334 [Worker-4] INFO  o.e.m.c.i.embedder.EclipseLogger - Copying 5 resources
2013-06-18 11:42:44,725 [Worker-5] INFO  o.e.m.c.i.i.nexus.NexusIndexManager - Updated index for repository: central|http://repo.maven.apache.org/maven2 in 74933 ms
2013-06-19 23:59:12,742 [Worker-2] INFO  o.e.m.c.i.i.nexus.NexusIndexManager - Updating index for repository: central|http://repo.maven.apache.org/maven2
2013-06-19 23:59:13,042 [Worker-2] INFO  c.n.h.c.p.n.NettyAsyncHttpProvider - Number of application's worked threads is 8
2013-06-19 23:59:39,689 [Worker-2] INFO  o.e.m.c.i.i.nexus.NexusIndexManager - Updated index for repository: central|http://repo.maven.apache.org/maven2 in 26950 ms
2013-06-20 11:34:14,222 [Worker-3] INFO  o.e.m.c.i.i.nexus.NexusIndexManager - Updating index for repository: central|http://repo.maven.apache.org/maven2
2013-06-20 11:34:14,292 [Worker-3] INFO  c.n.h.c.p.n.NettyAsyncHttpProvider - Number of application's worked threads is 8
2013-06-20 11:34:41,255 [Worker-3] INFO  o.e.m.c.i.i.nexus.NexusIndexManager - Updated index for repository: central|http://repo.maven.apache.org/maven2 in 27035 ms
2013-06-20 11:36:06,354 [Worker-5] INFO  o.e.m.c.i.l.LifecycleMappingFactory - Using org.eclipse.m2e.jdt.JarLifecycleMapping lifecycle mapping for MavenProject: org.apache.mahout:mahout-math:0.6-SNAPSHOT @ /run/media/root/ss-ntfs/3.Documents/huiswerk_20122013/Profile Project LS/code_/code/source-code/mahout-trunk/math/pom.xml.
2013-06-20 11:36:07,676 [Worker-5] INFO  o.e.m.c.i.embedder.EclipseLogger - Using 'UTF-8' encoding to copy filtered resources.
2013-06-20 11:36:07,677 [Worker-5] INFO  o.e.m.c.i.embedder.EclipseLogger - skip non existing resourceDirectory /run/media/root/ss-ntfs/3.Documents/huiswerk_20122013/Profile Project LS/code_/code/source-code/mahout-trunk/math/src/main/resources
2013-06-20 11:36:07,679 [Worker-5] INFO  o.e.m.c.i.embedder.EclipseLogger - Using 'UTF-8' encoding to copy filtered resources.
2013-06-20 11:36:07,681 [Worker-5] INFO  o.e.m.c.i.embedder.EclipseLogger - Copying 2 resources
2013-06-20 11:36:16,015 [Worker-5] INFO  o.e.m.c.i.l.LifecycleMappingFactory - Using org.eclipse.m2e.jdt.JarLifecycleMapping lifecycle mapping for MavenProject: org.apache.mahout:mahout-core:0.6-SNAPSHOT @ /run/media/root/ss-ntfs/3.Documents/huiswerk_20122013/Profile Project LS/code_/code/source-code/mahout-trunk/core/pom.xml.
2013-06-20 11:36:19,445 [Worker-5] INFO  o.e.m.c.i.embedder.EclipseLogger - Using 'UTF-8' encoding to copy filtered resources.
2013-06-20 11:36:19,446 [Worker-5] INFO  o.e.m.c.i.embedder.EclipseLogger - Copying 0 resource
2013-06-20 11:36:19,450 [Worker-5] INFO  o.e.m.c.i.embedder.EclipseLogger - Using 'UTF-8' encoding to copy filtered resources.
2013-06-20 11:36:19,454 [Worker-5] INFO  o.e.m.c.i.embedder.EclipseLogger - Copying 5 resources
2013-06-20 16:48:27,635 [Worker-137] INFO  o.e.m.c.i.embedder.EclipseLogger - Using 'UTF-8' encoding to copy filtered resources.
2013-06-20 16:48:27,646 [Worker-137] INFO  o.e.m.c.i.embedder.EclipseLogger - Copying 0 resource
2013-06-20 16:48:27,647 [Worker-137] INFO  o.e.m.c.i.embedder.EclipseLogger - Using 'UTF-8' encoding to copy filtered resources.
2013-06-20 16:48:27,647 [Worker-137] INFO  o.e.m.c.i.embedder.EclipseLogger - Copying 0 resource
2013-06-20 16:48:29,024 [Worker-135] INFO  o.e.m.c.i.embedder.EclipseLogger - Using 'UTF-8' encoding to copy filtered resources.
2013-06-20 16:48:29,025 [Worker-135] INFO  o.e.m.c.i.embedder.EclipseLogger - Copying 0 resource
2013-06-20 16:48:29,026 [Worker-135] INFO  o.e.m.c.i.embedder.EclipseLogger - Using 'UTF-8' encoding to copy filtered resources.
2013-06-20 16:48:29,027 [Worker-135] INFO  o.e.m.c.i.embedder.EclipseLogger - Copying 0 resource
2013-06-20 17:02:19,568 [Worker-139] INFO  o.e.m.c.i.embedder.EclipseLogger - Using 'UTF-8' encoding to copy filtered resources.
2013-06-20 17:02:19,568 [Worker-139] INFO  o.e.m.c.i.embedder.EclipseLogger - Copying 0 resource
2013-06-20 17:02:19,570 [Worker-139] INFO  o.e.m.c.i.embedder.EclipseLogger - Using 'UTF-8' encoding to copy filtered resources.
2013-06-20 17:02:19,570 [Worker-139] INFO  o.e.m.c.i.embedder.EclipseLogger - Copying 0 resource
2013-06-20 17:02:35,747 [Worker-141] INFO  o.e.m.c.i.embedder.EclipseLogger - Using 'UTF-8' encoding to copy filtered resources.
2013-06-20 17:02:35,749 [Worker-141] INFO  o.e.m.c.i.embedder.EclipseLogger - Copying 0 resource
2013-06-20 17:02:35,751 [Worker-141] INFO  o.e.m.c.i.embedder.EclipseLogger - Using 'UTF-8' encoding to copy filtered resources.
2013-06-20 17:02:35,752 [Worker-141] INFO  o.e.m.c.i.embedder.EclipseLogger - Copying 0 resource
2013-06-20 17:03:04,597 [Worker-141] INFO  o.e.m.c.i.embedder.EclipseLogger - Using 'UTF-8' encoding to copy filtered resources.
2013-06-20 17:03:04,598 [Worker-141] INFO  o.e.m.c.i.embedder.EclipseLogger - Copying 0 resource
2013-06-20 17:03:04,599 [Worker-141] INFO  o.e.m.c.i.embedder.EclipseLogger - Using 'UTF-8' encoding to copy filtered resources.
2013-06-20 17:03:04,600 [Worker-141] INFO  o.e.m.c.i.embedder.EclipseLogger - Copying 0 resource
2013-06-20 17:03:30,089 [Worker-139] INFO  o.e.m.c.i.embedder.EclipseLogger - Using 'UTF-8' encoding to copy filtered resources.
2013-06-20 17:03:30,090 [Worker-139] INFO  o.e.m.c.i.embedder.EclipseLogger - Copying 0 resource
2013-06-20 17:03:30,091 [Worker-139] INFO  o.e.m.c.i.embedder.EclipseLogger - Using 'UTF-8' encoding to copy filtered resources.
2013-06-20 17:03:30,092 [Worker-139] INFO  o.e.m.c.i.embedder.EclipseLogger - Copying 0 resource
2013-06-20 17:03:52,600 [Worker-141] INFO  o.e.m.c.i.embedder.EclipseLogger - Using 'UTF-8' encoding to copy filtered resources.
2013-06-20 17:03:52,601 [Worker-141] INFO  o.e.m.c.i.embedder.EclipseLogger - Copying 0 resource
2013-06-20 17:03:52,604 [Worker-141] INFO  o.e.m.c.i.embedder.EclipseLogger - Using 'UTF-8' encoding to copy filtered resources.
2013-06-20 17:03:52,604 [Worker-141] INFO  o.e.m.c.i.embedder.EclipseLogger - Copying 0 resource
2013-06-20 17:05:52,023 [Worker-139] INFO  o.e.m.c.i.embedder.EclipseLogger - Using 'UTF-8' encoding to copy filtered resources.
2013-06-20 17:05:52,024 [Worker-139] INFO  o.e.m.c.i.embedder.EclipseLogger - Copying 0 resource
2013-06-20 17:05:52,028 [Worker-139] INFO  o.e.m.c.i.embedder.EclipseLogger - Using 'UTF-8' encoding to copy filtered resources.
2013-06-20 17:05:52,028 [Worker-139] INFO  o.e.m.c.i.embedder.EclipseLogger - Copying 0 resource
2013-06-20 21:53:12,136 [Worker-6] INFO  o.e.m.c.i.i.nexus.NexusIndexManager - Updating index for repository: central|http://repo.maven.apache.org/maven2
2013-06-20 21:53:12,996 [Worker-6] INFO  c.n.h.c.p.n.NettyAsyncHttpProvider - Number of application's worked threads is 4
2013-06-20 21:53:14,228 [Worker-6] ERROR o.e.m.c.i.i.nexus.NexusIndexManager - Unable to update index for central|http://repo.maven.apache.org/maven2
java.io.IOException: null to http://repo.maven.apache.org/maven2/.index/nexus-maven-repository-index.properties
	at org.eclipse.m2e.core.internal.index.nexus.AsyncFetcher$PipedErrorInputStream.checkError(AsyncFetcher.java:250) ~[org.eclipse.m2e.core_1.3.1.20130219-1424.jar:na]
	at org.eclipse.m2e.core.internal.index.nexus.AsyncFetcher$PipedErrorInputStream.read(AsyncFetcher.java:256) ~[org.eclipse.m2e.core_1.3.1.20130219-1424.jar:na]
	at java.io.PipedInputStream.read(PipedInputStream.java:378) ~[na:1.7.0_19]
	at java.io.InputStream.read(InputStream.java:101) ~[na:1.7.0_19]
	at java.util.Properties$LineReader.readLine(Properties.java:434) ~[na:1.7.0_19]
	at java.util.Properties.load0(Properties.java:353) ~[na:1.7.0_19]
	at java.util.Properties.load(Properties.java:341) ~[na:1.7.0_19]
	at org.apache.maven.index.updater.DefaultIndexUpdater.downloadIndexProperties(DefaultIndexUpdater.java:457) ~[indexer-core-3.1.0.jar:3.1.0]
	at org.apache.maven.index.updater.DefaultIndexUpdater.access$100(DefaultIndexUpdater.java:75) ~[indexer-core-3.1.0.jar:3.1.0]
	at org.apache.maven.index.updater.DefaultIndexUpdater$IndexAdaptor.setProperties(DefaultIndexUpdater.java:607) ~[indexer-core-3.1.0.jar:3.1.0]
	at org.apache.maven.index.updater.DefaultIndexUpdater.fetchAndUpdateIndex(DefaultIndexUpdater.java:788) ~[indexer-core-3.1.0.jar:3.1.0]
	at org.apache.maven.index.updater.DefaultIndexUpdater.fetchAndUpdateIndex(DefaultIndexUpdater.java:135) ~[indexer-core-3.1.0.jar:3.1.0]
	at org.eclipse.m2e.core.internal.index.nexus.NexusIndexManager.updateRemoteIndex(NexusIndexManager.java:1123) [org.eclipse.m2e.core_1.3.1.20130219-1424.jar:na]
	at org.eclipse.m2e.core.internal.index.nexus.NexusIndexManager.updateIndex(NexusIndexManager.java:1080) [org.eclipse.m2e.core_1.3.1.20130219-1424.jar:na]
	at org.eclipse.m2e.core.internal.index.nexus.NexusIndexManager$1.run(NexusIndexManager.java:657) [org.eclipse.m2e.core_1.3.1.20130219-1424.jar:na]
	at org.eclipse.m2e.core.internal.index.nexus.IndexUpdaterJob.run(IndexUpdaterJob.java:72) [org.eclipse.m2e.core_1.3.1.20130219-1424.jar:na]
	at org.eclipse.core.internal.jobs.Worker.run(Worker.java:53) [org.eclipse.core.jobs_3.5.300.v20130320-2006.jar:na]
Caused by: java.net.ConnectException: null to http://repo.maven.apache.org/maven2/.index/nexus-maven-repository-index.properties
	at com.ning.http.client.providers.netty.NettyConnectListener.operationComplete(NettyConnectListener.java:95) ~[async-http-client-1.6.5.jar:na]
	at org.jboss.netty.channel.DefaultChannelFuture.notifyListener(DefaultChannelFuture.java:381) ~[na:na]
	at org.jboss.netty.channel.DefaultChannelFuture.addListener(DefaultChannelFuture.java:148) ~[na:na]
	at com.ning.http.client.providers.netty.NettyAsyncHttpProvider.doConnect(NettyAsyncHttpProvider.java:945) ~[async-http-client-1.6.5.jar:na]
	at com.ning.http.client.providers.netty.NettyAsyncHttpProvider.execute(NettyAsyncHttpProvider.java:776) ~[async-http-client-1.6.5.jar:na]
	at com.ning.http.client.AsyncHttpClient.executeRequest(AsyncHttpClient.java:484) ~[async-http-client-1.6.5.jar:na]
	at com.ning.http.client.SimpleAsyncHttpClient.execute(SimpleAsyncHttpClient.java:285) ~[async-http-client-1.6.5.jar:na]
	at com.ning.http.client.SimpleAsyncHttpClient.get(SimpleAsyncHttpClient.java:202) ~[async-http-client-1.6.5.jar:na]
	at org.eclipse.m2e.core.internal.index.nexus.AsyncFetcher.retrieve(AsyncFetcher.java:202) ~[org.eclipse.m2e.core_1.3.1.20130219-1424.jar:na]
	at org.apache.maven.index.updater.DefaultIndexUpdater.downloadIndexProperties(DefaultIndexUpdater.java:452) ~[indexer-core-3.1.0.jar:3.1.0]
	... 9 common frames omitted
Caused by: java.nio.channels.UnresolvedAddressException: null
	at sun.nio.ch.Net.checkAddress(Net.java:85) ~[na:1.7.0_19]
	at sun.nio.ch.SocketChannelImpl.connect(SocketChannelImpl.java:597) ~[na:1.7.0_19]
	at org.jboss.netty.channel.socket.nio.NioClientSocketPipelineSink.connect(NioClientSocketPipelineSink.java:140) ~[na:na]
	at org.jboss.netty.channel.socket.nio.NioClientSocketPipelineSink.eventSunk(NioClientSocketPipelineSink.java:103) ~[na:na]
	at org.jboss.netty.handler.codec.oneone.OneToOneEncoder.handleDownstream(OneToOneEncoder.java:60) ~[na:na]
	at org.jboss.netty.handler.codec.http.HttpClientCodec.handleDownstream(HttpClientCodec.java:82) ~[na:na]
	at org.jboss.netty.handler.stream.ChunkedWriteHandler.handleDownstream(ChunkedWriteHandler.java:115) ~[na:na]
	at org.jboss.netty.channel.Channels.connect(Channels.java:541) ~[na:na]
	at org.jboss.netty.channel.AbstractChannel.connect(AbstractChannel.java:210) ~[na:na]
	at org.jboss.netty.bootstrap.ClientBootstrap.connect(ClientBootstrap.java:227) ~[na:na]
	at org.jboss.netty.bootstrap.ClientBootstrap.connect(ClientBootstrap.java:188) ~[na:na]
	at com.ning.http.client.providers.netty.NettyAsyncHttpProvider.doConnect(NettyAsyncHttpProvider.java:902) ~[async-http-client-1.6.5.jar:na]
	... 15 common frames omitted
2013-06-21 12:59:05,543 [Worker-5] INFO  o.e.m.c.i.i.nexus.NexusIndexManager - Updating index for repository: central|http://repo.maven.apache.org/maven2
2013-06-21 12:59:06,453 [Worker-5] INFO  c.n.h.c.p.n.NettyAsyncHttpProvider - Number of application's worked threads is 4
2013-06-21 13:01:30,579 [Worker-5] INFO  o.e.m.c.i.i.nexus.NexusIndexManager - Updated index for repository: central|http://repo.maven.apache.org/maven2 in 145064 ms
2013-06-21 13:40:05,048 [Worker-3] INFO  o.e.m.c.i.i.nexus.NexusIndexManager - Updating index for repository: central|http://repo.maven.apache.org/maven2
2013-06-21 13:40:05,504 [Worker-3] INFO  c.n.h.c.p.n.NettyAsyncHttpProvider - Number of application's worked threads is 4
2013-06-21 13:40:05,893 [Worker-3] ERROR o.e.m.c.i.i.nexus.NexusIndexManager - Unable to update index for central|http://repo.maven.apache.org/maven2
java.io.IOException: null to http://repo.maven.apache.org/maven2/.index/nexus-maven-repository-index.properties
	at org.eclipse.m2e.core.internal.index.nexus.AsyncFetcher$PipedErrorInputStream.checkError(AsyncFetcher.java:250) ~[org.eclipse.m2e.core_1.3.1.20130219-1424.jar:na]
	at org.eclipse.m2e.core.internal.index.nexus.AsyncFetcher$PipedErrorInputStream.read(AsyncFetcher.java:256) ~[org.eclipse.m2e.core_1.3.1.20130219-1424.jar:na]
	at java.io.PipedInputStream.read(PipedInputStream.java:378) ~[na:1.7.0_19]
	at java.io.InputStream.read(InputStream.java:101) ~[na:1.7.0_19]
	at java.util.Properties$LineReader.readLine(Properties.java:434) ~[na:1.7.0_19]
	at java.util.Properties.load0(Properties.java:353) ~[na:1.7.0_19]
	at java.util.Properties.load(Properties.java:341) ~[na:1.7.0_19]
	at org.apache.maven.index.updater.DefaultIndexUpdater.downloadIndexProperties(DefaultIndexUpdater.java:457) ~[indexer-core-3.1.0.jar:3.1.0]
	at org.apache.maven.index.updater.DefaultIndexUpdater.access$100(DefaultIndexUpdater.java:75) ~[indexer-core-3.1.0.jar:3.1.0]
	at org.apache.maven.index.updater.DefaultIndexUpdater$IndexAdaptor.setProperties(DefaultIndexUpdater.java:607) ~[indexer-core-3.1.0.jar:3.1.0]
	at org.apache.maven.index.updater.DefaultIndexUpdater.fetchAndUpdateIndex(DefaultIndexUpdater.java:788) ~[indexer-core-3.1.0.jar:3.1.0]
	at org.apache.maven.index.updater.DefaultIndexUpdater.fetchAndUpdateIndex(DefaultIndexUpdater.java:135) ~[indexer-core-3.1.0.jar:3.1.0]
	at org.eclipse.m2e.core.internal.index.nexus.NexusIndexManager.updateRemoteIndex(NexusIndexManager.java:1123) [org.eclipse.m2e.core_1.3.1.20130219-1424.jar:na]
	at org.eclipse.m2e.core.internal.index.nexus.NexusIndexManager.updateIndex(NexusIndexManager.java:1080) [org.eclipse.m2e.core_1.3.1.20130219-1424.jar:na]
	at org.eclipse.m2e.core.internal.index.nexus.NexusIndexManager$1.run(NexusIndexManager.java:657) [org.eclipse.m2e.core_1.3.1.20130219-1424.jar:na]
	at org.eclipse.m2e.core.internal.index.nexus.IndexUpdaterJob.run(IndexUpdaterJob.java:72) [org.eclipse.m2e.core_1.3.1.20130219-1424.jar:na]
	at org.eclipse.core.internal.jobs.Worker.run(Worker.java:53) [org.eclipse.core.jobs_3.5.300.v20130320-2006.jar:na]
Caused by: java.net.ConnectException: null to http://repo.maven.apache.org/maven2/.index/nexus-maven-repository-index.properties
	at com.ning.http.client.providers.netty.NettyConnectListener.operationComplete(NettyConnectListener.java:95) ~[async-http-client-1.6.5.jar:na]
	at org.jboss.netty.channel.DefaultChannelFuture.notifyListener(DefaultChannelFuture.java:381) ~[na:na]
	at org.jboss.netty.channel.DefaultChannelFuture.addListener(DefaultChannelFuture.java:148) ~[na:na]
	at com.ning.http.client.providers.netty.NettyAsyncHttpProvider.doConnect(NettyAsyncHttpProvider.java:945) ~[async-http-client-1.6.5.jar:na]
	at com.ning.http.client.providers.netty.NettyAsyncHttpProvider.execute(NettyAsyncHttpProvider.java:776) ~[async-http-client-1.6.5.jar:na]
	at com.ning.http.client.AsyncHttpClient.executeRequest(AsyncHttpClient.java:484) ~[async-http-client-1.6.5.jar:na]
	at com.ning.http.client.SimpleAsyncHttpClient.execute(SimpleAsyncHttpClient.java:285) ~[async-http-client-1.6.5.jar:na]
	at com.ning.http.client.SimpleAsyncHttpClient.get(SimpleAsyncHttpClient.java:202) ~[async-http-client-1.6.5.jar:na]
	at org.eclipse.m2e.core.internal.index.nexus.AsyncFetcher.retrieve(AsyncFetcher.java:202) ~[org.eclipse.m2e.core_1.3.1.20130219-1424.jar:na]
	at org.apache.maven.index.updater.DefaultIndexUpdater.downloadIndexProperties(DefaultIndexUpdater.java:452) ~[indexer-core-3.1.0.jar:3.1.0]
	... 9 common frames omitted
Caused by: java.nio.channels.UnresolvedAddressException: null
	at sun.nio.ch.Net.checkAddress(Net.java:85) ~[na:1.7.0_19]
	at sun.nio.ch.SocketChannelImpl.connect(SocketChannelImpl.java:597) ~[na:1.7.0_19]
	at org.jboss.netty.channel.socket.nio.NioClientSocketPipelineSink.connect(NioClientSocketPipelineSink.java:140) ~[na:na]
	at org.jboss.netty.channel.socket.nio.NioClientSocketPipelineSink.eventSunk(NioClientSocketPipelineSink.java:103) ~[na:na]
	at org.jboss.netty.handler.codec.oneone.OneToOneEncoder.handleDownstream(OneToOneEncoder.java:60) ~[na:na]
	at org.jboss.netty.handler.codec.http.HttpClientCodec.handleDownstream(HttpClientCodec.java:82) ~[na:na]
	at org.jboss.netty.handler.stream.ChunkedWriteHandler.handleDownstream(ChunkedWriteHandler.java:115) ~[na:na]
	at org.jboss.netty.channel.Channels.connect(Channels.java:541) ~[na:na]
	at org.jboss.netty.channel.AbstractChannel.connect(AbstractChannel.java:210) ~[na:na]
	at org.jboss.netty.bootstrap.ClientBootstrap.connect(ClientBootstrap.java:227) ~[na:na]
	at org.jboss.netty.bootstrap.ClientBootstrap.connect(ClientBootstrap.java:188) ~[na:na]
	at com.ning.http.client.providers.netty.NettyAsyncHttpProvider.doConnect(NettyAsyncHttpProvider.java:902) ~[async-http-client-1.6.5.jar:na]
	... 15 common frames omitted
2013-06-21 15:48:32,263 [Worker-4] INFO  o.e.m.c.i.i.nexus.NexusIndexManager - Updating index for repository: central|http://repo.maven.apache.org/maven2
2013-06-21 15:48:32,987 [Worker-4] INFO  c.n.h.c.p.n.NettyAsyncHttpProvider - Number of application's worked threads is 4
2013-06-21 15:48:38,527 [Worker-4] ERROR o.e.m.c.i.i.nexus.NexusIndexManager - Unable to update index for central|http://repo.maven.apache.org/maven2
java.io.IOException: null to http://repo.maven.apache.org/maven2/.index/nexus-maven-repository-index.properties
	at org.eclipse.m2e.core.internal.index.nexus.AsyncFetcher$PipedErrorInputStream.checkError(AsyncFetcher.java:250) ~[org.eclipse.m2e.core_1.3.1.20130219-1424.jar:na]
	at org.eclipse.m2e.core.internal.index.nexus.AsyncFetcher$PipedErrorInputStream.read(AsyncFetcher.java:256) ~[org.eclipse.m2e.core_1.3.1.20130219-1424.jar:na]
	at java.io.PipedInputStream.read(PipedInputStream.java:378) ~[na:1.7.0_19]
	at java.io.InputStream.read(InputStream.java:101) ~[na:1.7.0_19]
	at java.util.Properties$LineReader.readLine(Properties.java:434) ~[na:1.7.0_19]
	at java.util.Properties.load0(Properties.java:353) ~[na:1.7.0_19]
	at java.util.Properties.load(Properties.java:341) ~[na:1.7.0_19]
	at org.apache.maven.index.updater.DefaultIndexUpdater.downloadIndexProperties(DefaultIndexUpdater.java:457) ~[indexer-core-3.1.0.jar:3.1.0]
	at org.apache.maven.index.updater.DefaultIndexUpdater.access$100(DefaultIndexUpdater.java:75) ~[indexer-core-3.1.0.jar:3.1.0]
	at org.apache.maven.index.updater.DefaultIndexUpdater$IndexAdaptor.setProperties(DefaultIndexUpdater.java:607) ~[indexer-core-3.1.0.jar:3.1.0]
	at org.apache.maven.index.updater.DefaultIndexUpdater.fetchAndUpdateIndex(DefaultIndexUpdater.java:788) ~[indexer-core-3.1.0.jar:3.1.0]
	at org.apache.maven.index.updater.DefaultIndexUpdater.fetchAndUpdateIndex(DefaultIndexUpdater.java:135) ~[indexer-core-3.1.0.jar:3.1.0]
	at org.eclipse.m2e.core.internal.index.nexus.NexusIndexManager.updateRemoteIndex(NexusIndexManager.java:1123) [org.eclipse.m2e.core_1.3.1.20130219-1424.jar:na]
	at org.eclipse.m2e.core.internal.index.nexus.NexusIndexManager.updateIndex(NexusIndexManager.java:1080) [org.eclipse.m2e.core_1.3.1.20130219-1424.jar:na]
	at org.eclipse.m2e.core.internal.index.nexus.NexusIndexManager$1.run(NexusIndexManager.java:657) [org.eclipse.m2e.core_1.3.1.20130219-1424.jar:na]
	at org.eclipse.m2e.core.internal.index.nexus.IndexUpdaterJob.run(IndexUpdaterJob.java:72) [org.eclipse.m2e.core_1.3.1.20130219-1424.jar:na]
	at org.eclipse.core.internal.jobs.Worker.run(Worker.java:53) [org.eclipse.core.jobs_3.5.300.v20130320-2006.jar:na]
Caused by: java.net.ConnectException: null to http://repo.maven.apache.org/maven2/.index/nexus-maven-repository-index.properties
	at com.ning.http.client.providers.netty.NettyConnectListener.operationComplete(NettyConnectListener.java:95) ~[async-http-client-1.6.5.jar:na]
	at org.jboss.netty.channel.DefaultChannelFuture.notifyListener(DefaultChannelFuture.java:381) ~[na:na]
	at org.jboss.netty.channel.DefaultChannelFuture.addListener(DefaultChannelFuture.java:148) ~[na:na]
	at com.ning.http.client.providers.netty.NettyAsyncHttpProvider.doConnect(NettyAsyncHttpProvider.java:945) ~[async-http-client-1.6.5.jar:na]
	at com.ning.http.client.providers.netty.NettyAsyncHttpProvider.execute(NettyAsyncHttpProvider.java:776) ~[async-http-client-1.6.5.jar:na]
	at com.ning.http.client.AsyncHttpClient.executeRequest(AsyncHttpClient.java:484) ~[async-http-client-1.6.5.jar:na]
	at com.ning.http.client.SimpleAsyncHttpClient.execute(SimpleAsyncHttpClient.java:285) ~[async-http-client-1.6.5.jar:na]
	at com.ning.http.client.SimpleAsyncHttpClient.get(SimpleAsyncHttpClient.java:202) ~[async-http-client-1.6.5.jar:na]
	at org.eclipse.m2e.core.internal.index.nexus.AsyncFetcher.retrieve(AsyncFetcher.java:202) ~[org.eclipse.m2e.core_1.3.1.20130219-1424.jar:na]
	at org.apache.maven.index.updater.DefaultIndexUpdater.downloadIndexProperties(DefaultIndexUpdater.java:452) ~[indexer-core-3.1.0.jar:3.1.0]
	... 9 common frames omitted
Caused by: java.nio.channels.UnresolvedAddressException: null
	at sun.nio.ch.Net.checkAddress(Net.java:85) ~[na:1.7.0_19]
	at sun.nio.ch.SocketChannelImpl.connect(SocketChannelImpl.java:597) ~[na:1.7.0_19]
	at org.jboss.netty.channel.socket.nio.NioClientSocketPipelineSink.connect(NioClientSocketPipelineSink.java:140) ~[na:na]
	at org.jboss.netty.channel.socket.nio.NioClientSocketPipelineSink.eventSunk(NioClientSocketPipelineSink.java:103) ~[na:na]
	at org.jboss.netty.handler.codec.oneone.OneToOneEncoder.handleDownstream(OneToOneEncoder.java:60) ~[na:na]
	at org.jboss.netty.handler.codec.http.HttpClientCodec.handleDownstream(HttpClientCodec.java:82) ~[na:na]
	at org.jboss.netty.handler.stream.ChunkedWriteHandler.handleDownstream(ChunkedWriteHandler.java:115) ~[na:na]
	at org.jboss.netty.channel.Channels.connect(Channels.java:541) ~[na:na]
	at org.jboss.netty.channel.AbstractChannel.connect(AbstractChannel.java:210) ~[na:na]
	at org.jboss.netty.bootstrap.ClientBootstrap.connect(ClientBootstrap.java:227) ~[na:na]
	at org.jboss.netty.bootstrap.ClientBootstrap.connect(ClientBootstrap.java:188) ~[na:na]
	at com.ning.http.client.providers.netty.NettyAsyncHttpProvider.doConnect(NettyAsyncHttpProvider.java:902) ~[async-http-client-1.6.5.jar:na]
	... 15 common frames omitted
2013-06-21 19:22:16,699 [Worker-7] INFO  o.e.m.c.i.i.nexus.NexusIndexManager - Updating index for repository: central|http://repo.maven.apache.org/maven2
2013-06-21 19:22:17,033 [Worker-7] INFO  c.n.h.c.p.n.NettyAsyncHttpProvider - Number of application's worked threads is 8
2013-06-21 19:22:21,295 [Worker-2] INFO  o.e.m.c.i.embedder.EclipseLogger - Using 'UTF-8' encoding to copy filtered resources.
2013-06-21 19:22:21,295 [Worker-2] INFO  o.e.m.c.i.embedder.EclipseLogger - skip non existing resourceDirectory /run/media/root/ss-ntfs/3.Documents/huiswerk_20122013/Profile Project LS/code_/code/source-code/mahout-trunk/math/src/main/resources
2013-06-21 19:22:21,298 [Worker-2] INFO  o.e.m.c.i.embedder.EclipseLogger - Using 'UTF-8' encoding to copy filtered resources.
2013-06-21 19:22:21,300 [Worker-2] INFO  o.e.m.c.i.embedder.EclipseLogger - Copying 2 resources
2013-06-21 19:22:22,302 [Worker-2] INFO  o.e.m.c.i.embedder.EclipseLogger - Using 'UTF-8' encoding to copy filtered resources.
2013-06-21 19:22:22,303 [Worker-2] INFO  o.e.m.c.i.embedder.EclipseLogger - Copying 0 resource
2013-06-21 19:22:22,305 [Worker-2] INFO  o.e.m.c.i.embedder.EclipseLogger - Using 'UTF-8' encoding to copy filtered resources.
2013-06-21 19:22:22,306 [Worker-2] INFO  o.e.m.c.i.embedder.EclipseLogger - Copying 5 resources
2013-06-21 19:22:51,115 [Worker-7] INFO  o.e.m.c.i.i.nexus.NexusIndexManager - Updated index for repository: central|http://repo.maven.apache.org/maven2 in 34420 ms
2013-06-23 14:09:37,773 [Worker-3] INFO  o.e.m.c.i.embedder.EclipseLogger - Using 'UTF-8' encoding to copy filtered resources.
2013-06-23 14:09:37,911 [Worker-0] INFO  o.e.m.c.i.i.nexus.NexusIndexManager - Updating index for repository: central|http://repo.maven.apache.org/maven2
2013-06-23 14:09:37,914 [Worker-3] INFO  o.e.m.c.i.embedder.EclipseLogger - Copying 0 resource
2013-06-23 14:09:37,917 [Worker-3] INFO  o.e.m.c.i.embedder.EclipseLogger - Using 'UTF-8' encoding to copy filtered resources.
2013-06-23 14:09:37,933 [Worker-3] INFO  o.e.m.c.i.embedder.EclipseLogger - Copying 5 resources
2013-06-23 14:09:38,046 [Worker-0] INFO  c.n.h.c.p.n.NettyAsyncHttpProvider - Number of application's worked threads is 8
2013-06-23 14:10:02,122 [Worker-0] INFO  o.e.m.c.i.i.nexus.NexusIndexManager - Updated index for repository: central|http://repo.maven.apache.org/maven2 in 24211 ms
2013-06-23 14:45:23,727 [Worker-20] INFO  o.e.m.c.i.embedder.EclipseLogger - Using 'UTF-8' encoding to copy filtered resources.
2013-06-23 14:45:23,728 [Worker-20] INFO  o.e.m.c.i.embedder.EclipseLogger - Copying 0 resource
2013-06-23 14:45:23,731 [Worker-20] INFO  o.e.m.c.i.embedder.EclipseLogger - Using 'UTF-8' encoding to copy filtered resources.
2013-06-23 14:45:23,750 [Worker-20] INFO  o.e.m.c.i.embedder.EclipseLogger - Copying 5 resources
2013-06-23 14:45:25,382 [Worker-16] INFO  o.e.m.c.i.embedder.EclipseLogger - Using 'UTF-8' encoding to copy filtered resources.
2013-06-23 14:45:25,383 [Worker-16] INFO  o.e.m.c.i.embedder.EclipseLogger - Copying 0 resource
2013-06-23 14:45:25,385 [Worker-16] INFO  o.e.m.c.i.embedder.EclipseLogger - Using 'UTF-8' encoding to copy filtered resources.
2013-06-23 14:45:25,387 [Worker-16] INFO  o.e.m.c.i.embedder.EclipseLogger - Copying 5 resources
2013-06-23 14:45:56,875 [Worker-18] INFO  o.e.m.c.i.embedder.EclipseLogger - Using 'UTF-8' encoding to copy filtered resources.
2013-06-23 14:45:56,876 [Worker-18] INFO  o.e.m.c.i.embedder.EclipseLogger - Copying 0 resource
2013-06-23 14:45:56,878 [Worker-18] INFO  o.e.m.c.i.embedder.EclipseLogger - Using 'UTF-8' encoding to copy filtered resources.
2013-06-23 14:45:56,889 [Worker-18] INFO  o.e.m.c.i.embedder.EclipseLogger - Copying 0 resource
2013-06-23 14:45:59,208 [Worker-17] INFO  o.e.m.c.i.embedder.EclipseLogger - Using 'UTF-8' encoding to copy filtered resources.
2013-06-23 14:45:59,228 [Worker-17] INFO  o.e.m.c.i.embedder.EclipseLogger - Copying 0 resource
2013-06-23 14:45:59,230 [Worker-17] INFO  o.e.m.c.i.embedder.EclipseLogger - Using 'UTF-8' encoding to copy filtered resources.
2013-06-23 14:45:59,230 [Worker-17] INFO  o.e.m.c.i.embedder.EclipseLogger - Copying 0 resource
2013-06-23 14:46:01,349 [Worker-14] INFO  o.e.m.c.i.embedder.EclipseLogger - Using 'UTF-8' encoding to copy filtered resources.
2013-06-23 14:46:01,351 [Worker-14] INFO  o.e.m.c.i.embedder.EclipseLogger - Copying 0 resource
2013-06-23 14:46:01,353 [Worker-14] INFO  o.e.m.c.i.embedder.EclipseLogger - Using 'UTF-8' encoding to copy filtered resources.
2013-06-23 14:46:01,353 [Worker-14] INFO  o.e.m.c.i.embedder.EclipseLogger - Copying 0 resource
2013-06-23 14:46:02,642 [Worker-21] INFO  o.e.m.c.i.embedder.EclipseLogger - Using 'UTF-8' encoding to copy filtered resources.
2013-06-23 14:46:02,667 [Worker-21] INFO  o.e.m.c.i.embedder.EclipseLogger - Copying 0 resource
2013-06-23 14:46:02,670 [Worker-21] INFO  o.e.m.c.i.embedder.EclipseLogger - Using 'UTF-8' encoding to copy filtered resources.
2013-06-23 14:46:02,671 [Worker-21] INFO  o.e.m.c.i.embedder.EclipseLogger - Copying 0 resource
2013-06-23 14:46:09,185 [Worker-21] INFO  o.e.m.c.i.embedder.EclipseLogger - Using 'UTF-8' encoding to copy filtered resources.
2013-06-23 14:46:09,194 [Worker-21] INFO  o.e.m.c.i.embedder.EclipseLogger - Copying 0 resource
2013-06-23 14:46:09,195 [Worker-21] INFO  o.e.m.c.i.embedder.EclipseLogger - Using 'UTF-8' encoding to copy filtered resources.
2013-06-23 14:46:09,196 [Worker-21] INFO  o.e.m.c.i.embedder.EclipseLogger - Copying 0 resource
2013-06-23 14:53:00,737 [Worker-6] INFO  o.e.m.c.i.embedder.EclipseLogger - Using 'UTF-8' encoding to copy filtered resources.
2013-06-23 14:53:00,738 [Worker-6] INFO  o.e.m.c.i.embedder.EclipseLogger - Copying 0 resource
2013-06-23 14:53:00,741 [Worker-6] INFO  o.e.m.c.i.embedder.EclipseLogger - Using 'UTF-8' encoding to copy filtered resources.
2013-06-23 14:53:00,741 [Worker-6] INFO  o.e.m.c.i.embedder.EclipseLogger - Copying 0 resource
2013-06-23 14:53:05,390 [Worker-26] INFO  o.e.m.c.i.embedder.EclipseLogger - Using 'UTF-8' encoding to copy filtered resources.
2013-06-23 14:53:05,390 [Worker-26] INFO  o.e.m.c.i.embedder.EclipseLogger - Copying 0 resource
2013-06-23 14:53:05,392 [Worker-26] INFO  o.e.m.c.i.embedder.EclipseLogger - Using 'UTF-8' encoding to copy filtered resources.
2013-06-23 14:53:05,392 [Worker-26] INFO  o.e.m.c.i.embedder.EclipseLogger - Copying 0 resource
2013-06-23 14:53:11,530 [Worker-24] INFO  o.e.m.c.i.embedder.EclipseLogger - Using 'UTF-8' encoding to copy filtered resources.
2013-06-23 14:53:11,530 [Worker-24] INFO  o.e.m.c.i.embedder.EclipseLogger - Copying 0 resource
2013-06-23 14:53:11,532 [Worker-24] INFO  o.e.m.c.i.embedder.EclipseLogger - Using 'UTF-8' encoding to copy filtered resources.
2013-06-23 14:53:11,532 [Worker-24] INFO  o.e.m.c.i.embedder.EclipseLogger - Copying 0 resource
